2026-06-22 03:09:41 WARNING Hoja sin metadatos en SOLICITUD DE INSUMOS RX.xlsx / Solicitud de Materiales 
2026-06-22 03:09:41 WARNING Hoja sin metadatos en SOLICITUD DE INSUMOS ENDODONCIA_.xlsx / Solicitud de Materiales 
2026-06-22 03:09:41 WARNING Hoja sin metadatos en SOLICITUD DE INSUMOS MANEJO DE EQUIPOS .xlsx / Solicitud de Materiales 
2026-06-22 03:09:41 WARNING Hoja sin metadatos en SOLICITUD DE INSUMOS MANEJO MATERIALES DENTALES_.xlsx / Solicitud de Materiales 
2026-06-22 03:09:41 WARNING Hoja sin metadatos en SOLICITUD DE INSUMOS ODONTOLOGIA RESTAURADORA_.xlsx / Solicitud de Materiales 
2026-06-22 03:09:41 WARNING Hoja sin metadatos en SOLICITUD DE INSUMOS CIRUGIA_IMPLANTES.xlsx / Solicitud de Materiales 
2026-06-22 03:09:41 WARNING Hoja sin metadatos en SOLICITUD DE INSUMOS ANATOMIA_.xlsx / Solicitud de Materiales 
2026-06-22 03:09:41 WARNING Hoja sin metadatos en SOLICITUD DE INSUMOS PARA TALLERES PRACTICOS 1 sem.xlsx / Hoja 1
2026-06-22 03:09:42 WARNING Hoja sin metadatos en SOLICITUD DE INSUMOS QUIMICA_.xlsx / Hoja 1
2026-06-22 03:09:42 WARNING Hoja sin metadatos en SOLICITUD DE INSUMOS QUIMICA_.xlsx / Copia de Hoja 1
2026-06-22 03:09:42 WARNING Hoja sin metadatos en SOLICITUD DE INSUMOS QUIMICA_.xlsx / Copia de Copia de Hoja 1
2026-06-22 03:09:42 WARNING Hoja sin metadatos en SOLICITUD DE INSUMOS QUIMICA_.xlsx / Copia de Copia de Copia de Hoja
2026-06-22 03:09:42 WARNING Hoja sin metadatos en SOLICITUD DE INSUMOS QUIMICA_.xlsx / Copia de Copia de Copia de Copi
2026-06-22 03:09:42 WARNING Hoja sin metadatos en SOLICITUD DE INSUMOS PARA TALLERES PRACTICOS.xlsx / Elaboración de Prep
2026-06-22 03:09:42 WARNING Hoja sin metadatos en SOLICITUD DE INSUMOS PARA TALLERES PRACTICOS.xlsx / Análisis microb. en la ind
2026-06-22 03:09:42 WARNING Hoja sin metadatos en SOLICITUD DE INSUMOS PARA TALLERES PRACTICOS.xlsx / Prod. en la ind 
2026-06-22 03:09:42 WARNING Hoja sin metadatos en SOLICITUD DE INSUMOS PARA TALLERES PRACTICOS.xlsx / Química Analítica
2026-06-22 03:09:42 WARNING Hoja sin metadatos en SOLICITUD DE INSUMOS PARA TALLERES PRACTICOS.xlsx / Solicitud de Materiales 
2026-06-22 03:09:42 WARNING Hoja sin metadatos en bioseguridad.xlsx / Hoja1
2026-06-22 03:09:42 WARNING Hoja sin metadatos en PLANIFICACIÓN AXS 1102 + INSUMOS.xlsx / PRAC
2026-06-22 03:09:42 WARNING Hoja sin metadatos en PLANIFICACIÓN AXS 1102 + INSUMOS.xlsx / INSUMOS
2026-06-22 03:09:42 WARNING Hoja sin metadatos en SOLICITUD DE INSUMOS - MQ.xlsx / EXAMEN 2025
