2026-06-21 20:34:23 WARNING No se puede listar Semestre_1: 403 Client Error: Forbidden for url: https://api.github.com/repos/Frangarcia0/Prueba-datos/contents/Semestre_1?ref=main
2026-06-21 20:36:24 WARNING Sin talleres extraídos: Semestre_1/GUIAS TALLER CSC 1° SEMESTRE/GUIAS TALLER BANCO SANGRE_/BSS 3111/1.2.1_Guia_taller_tamizaje_microbiologico_en donantes_de_sangre.docx
2026-06-21 20:36:24 WARNING Sin talleres extraídos: Semestre_1/GUIAS TALLER CSC 1° SEMESTRE/GUIAS TALLER BANCO SANGRE_/BSS 3111/2.2.1_Guia_de_procedimientos_inmunohematologicos_de_banco_de_sangre.docx
2026-06-21 20:36:24 WARNING Sin talleres extraídos: Semestre_1/GUIAS TALLER CSC 1° SEMESTRE/GUIAS TALLER BANCO SANGRE_/BSS 3111/3.2.1_Guias_taller_medicina_transfusional.docx
2026-06-21 20:36:26 WARNING Sin talleres extraídos: Semestre_1/GUIAS TALLER CSC 1° SEMESTRE/GUIAS TALLER ODONTOLOGIA/Técnicas de diagnostico en odontología/1.1.5_Guia_Taller_N1.docx
2026-06-21 20:36:26 WARNING Sin talleres extraídos: Semestre_1/GUIAS TALLER CSC 1° SEMESTRE/GUIAS TALLER ODONTOLOGIA/Técnicas de diagnostico en odontología/1.2.3_Guia_Taller_N2.docx
2026-06-21 20:36:26 WARNING Sin talleres extraídos: Semestre_1/GUIAS TALLER CSC 1° SEMESTRE/GUIAS TALLER ODONTOLOGIA/Técnicas de diagnostico en odontología/1.2.6_Evaluacion_proceso.docx
2026-06-21 20:36:27 WARNING Sin talleres extraídos: Semestre_1/GUIAS TALLER CSC 1° SEMESTRE/GUIAS TALLER ODONTOLOGIA/Técnicas de diagnostico en odontología/2.1.5_Guia_taller_N4.docx
2026-06-21 20:36:27 WARNING Sin talleres extraídos: Semestre_1/GUIAS TALLER CSC 1° SEMESTRE/GUIAS TALLER ODONTOLOGIA/Técnicas de diagnostico en odontología/2.2.3_GUIA_DE_TALLER_N5.docx
2026-06-21 20:36:27 WARNING Sin talleres extraídos: Semestre_1/GUIAS TALLER CSC 1° SEMESTRE/GUIAS TALLER ODONTOLOGIA/Técnicas de diagnostico en odontología/2.2.4_GUIA_DE_TALLER_N6.docx
2026-06-21 20:36:28 WARNING Sin talleres extraídos: Semestre_1/GUIAS TALLER CSC 1° SEMESTRE/GUIAS TALLER TENS_/ANATOMIA - AFS1111/2.3.1 Guía de Taller 1.docx
2026-06-21 20:36:28 WARNING Sin talleres extraídos: Semestre_1/GUIAS TALLER CSC 1° SEMESTRE/GUIAS TALLER TENS_/ANATOMIA - AFS1111/2.3.10 Guía de Taller 6.docx
2026-06-21 20:36:28 WARNING Sin talleres extraídos: Semestre_1/GUIAS TALLER CSC 1° SEMESTRE/GUIAS TALLER TENS_/ANATOMIA - AFS1111/2.3.13 Guía de Taller 7.docx
2026-06-21 20:36:28 WARNING Sin talleres extraídos: Semestre_1/GUIAS TALLER CSC 1° SEMESTRE/GUIAS TALLER TENS_/ANATOMIA - AFS1111/2.3.15 Guía de Taller 8.docx
2026-06-21 20:36:28 WARNING Sin talleres extraídos: Semestre_1/GUIAS TALLER CSC 1° SEMESTRE/GUIAS TALLER TENS_/ANATOMIA - AFS1111/2.3.3 Guía Taller 2 - Los Musculos y sus Funciones.docx
2026-06-21 20:36:29 WARNING Sin talleres extraídos: Semestre_1/GUIAS TALLER CSC 1° SEMESTRE/GUIAS TALLER TENS_/ANATOMIA - AFS1111/2.3.5 Guía de Taller 3.docx
2026-06-21 20:36:29 WARNING Sin talleres extraídos: Semestre_1/GUIAS TALLER CSC 1° SEMESTRE/GUIAS TALLER TENS_/ANATOMIA - AFS1111/2.3.7 Guía de Taller 4.docx
2026-06-21 20:36:29 WARNING Sin talleres extraídos: Semestre_1/GUIAS TALLER CSC 1° SEMESTRE/GUIAS TALLER TENS_/ANATOMIA - AFS1111/2.3.9 Guía de Taller 5.docx
2026-06-21 20:36:29 WARNING Sin talleres extraídos: Semestre_1/GUIAS TALLER CSC 1° SEMESTRE/GUIAS TALLER TENS_/ANATOMIA - AFS1111/GUIAS ANATOMIA - CIS1103 - MALLA NUEVA 2026/2.3.4_Doc_Guía Taller 1 Sistema Músculo-Esquelético_Docente.docx
2026-06-21 20:36:29 WARNING Sin talleres extraídos: Semestre_1/GUIAS TALLER CSC 1° SEMESTRE/GUIAS TALLER TENS_/ANATOMIA - AFS1111/GUIAS ANATOMIA - CIS1103 - MALLA NUEVA 2026/2.4.5_Doc_Guía Taller 2 Sistema Nervioso y Sistema Endocrino_Docente .docx
2026-06-21 20:36:29 WARNING Sin talleres extraídos: Semestre_1/GUIAS TALLER CSC 1° SEMESTRE/GUIAS TALLER TENS_/ANATOMIA - AFS1111/GUIAS ANATOMIA - CIS1103 - MALLA NUEVA 2026/2.5.3_Doc_Guía Taller 3 Sistema Digestivo_Docente.docx
2026-06-21 20:36:29 WARNING Sin talleres extraídos: Semestre_1/GUIAS TALLER CSC 1° SEMESTRE/GUIAS TALLER TENS_/ANATOMIA - AFS1111/GUIAS ANATOMIA - CIS1103 - MALLA NUEVA 2026/3.1.3_Doc_Guía Taller 4 Sistema Respiratorio_Docente.docx
2026-06-21 20:36:29 WARNING Sin talleres extraídos: Semestre_1/GUIAS TALLER CSC 1° SEMESTRE/GUIAS TALLER TENS_/ANATOMIA - AFS1111/GUIAS ANATOMIA - CIS1103 - MALLA NUEVA 2026/3.2.4_Guía Taller 5_Sistema Cardiovascular_Docente.docx
2026-06-21 20:36:30 WARNING Sin talleres extraídos: Semestre_1/GUIAS TALLER CSC 1° SEMESTRE/GUIAS TALLER TENS_/ANATOMIA - AFS1111/GUIAS ANATOMIA - CIS1103 - MALLA NUEVA 2026/3.3.5_Doc_Guía Taller 6 Sistema Genitourinario_Docente.docx
2026-06-21 20:36:30 WARNING Sin talleres extraídos: Semestre_1/GUIAS TALLER CSC 1° SEMESTRE/GUIAS TALLER TENS_/BIOSEGURIDAD - EBS1121/2_11_Evaluacion_Practica_Sumativa.docx
2026-06-21 20:36:30 WARNING Sin talleres extraídos: Semestre_1/GUIAS TALLER CSC 1° SEMESTRE/GUIAS TALLER TENS_/BIOSEGURIDAD - EBS1121/3_12_Evaluacion_Practica_Sumativa.docx
2026-06-21 20:36:31 WARNING Sin talleres extraídos: Semestre_1/GUIAS TALLER CSC 1° SEMESTRE/GUIAS TALLER TENS_/PEDIATRIA - CES3111/1.2.1 Control del Niño Sano.docx
2026-06-21 20:36:32 WARNING Sin talleres extraídos: Semestre_1/GUIAS TALLER CSC 1° SEMESTRE/GUIAS TALLER TENS_/PRIMEROS AUXILIOS - AXS1102/Guia_de_estudio_1_Generalidades_en_primeros_auxilios.docx
2026-06-21 20:36:32 WARNING Sin talleres extraídos: Semestre_1/GUIAS TALLER CSC 1° SEMESTRE/GUIAS TALLER TENS_/PRIMEROS AUXILIOS - AXS1102/Guia_de_estudio_2_Heridas_Hemorragias_y_Quemaduras.docx
2026-06-21 20:36:32 WARNING Sin talleres extraídos: Semestre_1/GUIAS TALLER CSC 1° SEMESTRE/GUIAS TALLER TENS_/TECNICAS BASICAS - EBS1111/2.2.12_Pauta_de_cotejo_Traslado_de_paciente.docx
2026-06-21 20:36:32 WARNING Sin talleres extraídos: Semestre_1/GUIAS TALLER CSC 1° SEMESTRE/GUIAS TALLER TENS_/TECNICAS BASICAS - EBS1111/2.2.2_Guia_Taller_N5_Confeccion_de_camas.docx
2026-06-21 20:36:32 WARNING Sin talleres extraídos: Semestre_1/GUIAS TALLER CSC 1° SEMESTRE/GUIAS TALLER TENS_/TECNICAS BASICAS - EBS1111/2.2.3_Pauta_de_cotejo_Confeccion_de_cama_hospitalaria.docx
2026-06-21 20:36:32 WARNING Sin talleres extraídos: Semestre_1/GUIAS TALLER CSC 1° SEMESTRE/GUIAS TALLER TENS_/TECNICAS BASICAS - EBS1111/2.2.5_Pauta_de_cotejo_Aseo_y_Confort.docx
2026-06-21 20:36:33 WARNING Sin talleres extraídos: Semestre_1/GUIAS TALLER CSC 1° SEMESTRE/GUIAS TALLER TENS_/TECNICAS BASICAS - EBS1111/2.2.8_Pauta_de_cotejo_aseo_de_cavidades.docx
2026-06-21 20:36:33 WARNING Sin talleres extraídos: Semestre_1/GUIAS TALLER CSC 1° SEMESTRE/GUIAS TALLER TENS_/URGENCIAS - CES3121/2.1.9_GUIA_SIMULACION_1.docx
2026-06-21 20:36:43 WARNING Hoja sin datos útiles: BANCO DE SANGRE  1 SEMESTRE.xlsx / Anotomia y Fisiologia 
2026-06-21 20:36:43 WARNING Hoja sin datos útiles: ENFERMERIA 1 SEMESTRE VESPERTINO.xlsx / PRIMEROS AUXILIOS
2026-06-21 20:36:43 WARNING Hoja sin datos útiles: ENFERMERIA 1 SEMESTRE VESPERTINO.xlsx / PEDIATRIA
2026-06-21 20:36:43 WARNING Hoja sin datos útiles: ODONTOLOGIA 1 SEMESTRE.xlsx / Materiales dentales 
2026-06-21 20:36:44 WARNING Hoja sin datos útiles: QUIMICA  Y FARMACIA 1 SEMESTRE.xlsx / Quimica analitica 
2026-06-21 20:36:44 WARNING Hoja sin datos útiles: QUIMICA  Y FARMACIA 1 SEMESTRE.xlsx / Aseg. y gestión
2026-06-21 20:36:44 WARNING Hoja sin datos útiles: QUIMICA  Y FARMACIA 1 SEMESTRE.xlsx / Bioseguridad
2026-06-21 20:36:44 WARNING Hoja sin datos útiles: QUIMICA  Y FARMACIA 1 SEMESTRE.xlsx / Legislacion farmaceutica 
2026-06-21 20:36:50 WARNING Hoja insumos sin datos: INSUMOS ODONTOLOGIA / Solicitud de Materiales 
2026-06-21 20:36:50 WARNING Hoja insumos sin datos: INSUMOS ODONTOLOGIA / Solicitud de Materiales 
2026-06-21 20:36:50 WARNING Hoja insumos sin datos: INSUMOS ODONTOLOGIA / Solicitud de Materiales 
2026-06-21 20:36:50 WARNING Hoja insumos sin datos: INSUMOS ODONTOLOGIA / Solicitud de Materiales 
2026-06-21 20:36:50 WARNING No se encontró tabla de insumos en hoja: Hoja 1
2026-06-21 20:36:50 WARNING Hoja insumos sin datos: INSUMOS QUIMICA / Hoja 1
2026-06-21 20:36:57 WARNING Hoja sin datos útiles: BANCO DE SANGRE  1 SEMESTRE.xlsx / Anotomia y Fisiologia 
2026-06-21 20:36:57 WARNING Hoja sin datos útiles: ENFERMERIA 1 SEMESTRE VESPERTINO.xlsx / PRIMEROS AUXILIOS
2026-06-21 20:36:58 WARNING Hoja sin datos útiles: ENFERMERIA 1 SEMESTRE VESPERTINO.xlsx / PEDIATRIA
2026-06-21 20:36:58 WARNING Hoja sin datos útiles: ODONTOLOGIA 1 SEMESTRE.xlsx / Materiales dentales 
2026-06-21 20:36:58 WARNING Hoja sin datos útiles: QUIMICA  Y FARMACIA 1 SEMESTRE.xlsx / Quimica analitica 
2026-06-21 20:36:58 WARNING Hoja sin datos útiles: QUIMICA  Y FARMACIA 1 SEMESTRE.xlsx / Aseg. y gestión
2026-06-21 20:36:58 WARNING Hoja sin datos útiles: QUIMICA  Y FARMACIA 1 SEMESTRE.xlsx / Bioseguridad
2026-06-21 20:36:58 WARNING Hoja sin datos útiles: QUIMICA  Y FARMACIA 1 SEMESTRE.xlsx / Legislacion farmaceutica 
2026-06-21 20:36:58 WARNING Hoja sin datos útiles: Enfermeria 2° Semestre_.xlsx / Practica III Pediatria 
2026-06-21 20:36:59 WARNING Hoja sin datos útiles: Odontologia 2 Semestre_.xlsx / Biomateriales
2026-06-21 20:36:59 WARNING Hoja sin datos útiles: Odontologia 2 Semestre_.xlsx / Ortodoncia
2026-06-21 20:36:59 WARNING Hoja sin datos útiles: Odontologia 2 Semestre_.xlsx / Gestion
2026-06-21 20:36:59 WARNING Hoja sin datos útiles: Odontologia 2 Semestre_.xlsx / Ergonomia
2026-06-21 20:36:59 WARNING Hoja sin datos útiles: Odontologia 2 Semestre_.xlsx / Promocion SB
2026-06-21 20:36:59 WARNING Hoja sin datos útiles: Odontologia 2 Semestre_.xlsx / Odontopediatria
2026-06-21 20:36:59 WARNING Hoja sin datos útiles: Odontologia 2 Semestre_.xlsx / Perio
2026-06-21 20:36:59 WARNING Hoja sin datos útiles: Odontologia 2 Semestre_.xlsx / Rehabilitacion Oral
2026-06-21 20:36:59 WARNING Hoja sin datos útiles: Quimica 2° Semestre.xlsx / Elaborados Magistrales
2026-06-21 20:36:59 WARNING Hoja sin datos útiles: Quimica 2° Semestre.xlsx / Toxicologia
2026-06-21 20:36:59 WARNING Hoja sin datos útiles: Quimica 2° Semestre.xlsx / Farmacologia 
2026-06-21 20:36:59 WARNING Hoja sin datos útiles: Quimica 2° Semestre.xlsx / Microbiologia
2026-06-21 20:36:59 WARNING Hoja sin datos útiles: Quimica 2° Semestre.xlsx / Produccion en la industria 
2026-06-21 20:36:59 WARNING Hoja sin datos útiles: Quimica 2° Semestre.xlsx / Almacenamiento
2026-06-21 20:36:59 WARNING Hoja sin datos útiles: TSLB 2° SEMESTRE.xlsx / AXS1102
2026-06-21 20:36:59 WARNING Hoja sin datos útiles: TSLB 2° SEMESTRE.xlsx / LCS2111
2026-06-21 20:36:59 WARNING Hoja insumos sin datos: INSUMOS ODONTOLOGIA / Solicitud de Materiales 
2026-06-21 20:36:59 WARNING Hoja insumos sin datos: INSUMOS ODONTOLOGIA / Solicitud de Materiales 
2026-06-21 20:36:59 WARNING Hoja insumos sin datos: INSUMOS ODONTOLOGIA / Solicitud de Materiales 
2026-06-21 20:36:59 WARNING Hoja insumos sin datos: INSUMOS ODONTOLOGIA / Solicitud de Materiales 
2026-06-21 20:36:59 WARNING No se encontró tabla de insumos en hoja: Hoja 1
2026-06-21 20:36:59 WARNING Hoja insumos sin datos: INSUMOS QUIMICA / Hoja 1
2026-06-21 20:37:00 WARNING No se encontró tabla de insumos en hoja: PRAC
2026-06-21 20:37:00 WARNING Hoja insumos sin datos: SOLICITUD DE INSUMOS BANCO SANGRE / PRAC
2026-06-21 20:37:00 WARNING No se encontró tabla de insumos en hoja: INSUMOS
2026-06-21 20:37:00 WARNING Hoja insumos sin datos: SOLICITUD DE INSUMOS BANCO SANGRE / INSUMOS
2026-06-21 20:37:00 WARNING Hoja insumos sin datos: SOLICITUD DE INSUMOS ODONTOLOGIA / Hoja1
2026-06-21 20:37:00 WARNING Hoja insumos sin datos: SOLICITUD DE INSUMOS ODONTOLOGIA / Solicitud de Materiales 
2026-06-21 20:37:00 WARNING No se encontró tabla de insumos en hoja: Hoja 1
2026-06-21 20:37:00 WARNING Hoja insumos sin datos: SOLICITUD DE INSUMOS QUIMICA / Hoja 1
2026-06-21 20:37:00 WARNING No se encontró tabla de insumos en hoja: Copia de Hoja 1
2026-06-21 20:37:00 WARNING Hoja insumos sin datos: SOLICITUD DE INSUMOS QUIMICA / Copia de Hoja 1
2026-06-21 20:37:00 WARNING No se encontró tabla de insumos en hoja: Copia de Copia de Hoja 1
2026-06-21 20:37:00 WARNING Hoja insumos sin datos: SOLICITUD DE INSUMOS QUIMICA / Copia de Copia de Hoja 1
2026-06-21 20:37:00 WARNING No se encontró tabla de insumos en hoja: Copia de Copia de Copia de Hoja
2026-06-21 20:37:00 WARNING Hoja insumos sin datos: SOLICITUD DE INSUMOS QUIMICA / Copia de Copia de Copia de Hoja
2026-06-21 20:37:00 WARNING No se encontró tabla de insumos en hoja: Copia de Copia de Copia de Copi
2026-06-21 20:37:00 WARNING Hoja insumos sin datos: SOLICITUD DE INSUMOS QUIMICA / Copia de Copia de Copia de Copi
2026-06-21 20:37:00 WARNING No se encontró tabla de insumos en hoja: EXAMEN 2025
2026-06-21 20:37:00 WARNING Hoja insumos sin datos: SOLICITUD DE INSUMOS TENS / EXAMEN 2025
2026-06-21 20:37:01 WARNING Sin talleres extraídos: Semestre_1/GUIAS TALLER CSC 1° SEMESTRE/GUIAS TALLER BANCO SANGRE_/BSS 3111/1.2.1_Guia_taller_tamizaje_microbiologico_en donantes_de_sangre.docx
2026-06-21 20:37:01 WARNING Sin talleres extraídos: Semestre_1/GUIAS TALLER CSC 1° SEMESTRE/GUIAS TALLER BANCO SANGRE_/BSS 3111/2.2.1_Guia_de_procedimientos_inmunohematologicos_de_banco_de_sangre.docx
2026-06-21 20:37:01 WARNING Sin talleres extraídos: Semestre_1/GUIAS TALLER CSC 1° SEMESTRE/GUIAS TALLER BANCO SANGRE_/BSS 3111/3.2.1_Guias_taller_medicina_transfusional.docx
2026-06-21 20:37:01 WARNING Sin talleres extraídos: Semestre_1/GUIAS TALLER CSC 1° SEMESTRE/GUIAS TALLER ODONTOLOGIA/Técnicas de diagnostico en odontología/1.1.5_Guia_Taller_N1.docx
2026-06-21 20:37:01 WARNING Sin talleres extraídos: Semestre_1/GUIAS TALLER CSC 1° SEMESTRE/GUIAS TALLER ODONTOLOGIA/Técnicas de diagnostico en odontología/1.2.3_Guia_Taller_N2.docx
2026-06-21 20:37:01 WARNING Sin talleres extraídos: Semestre_1/GUIAS TALLER CSC 1° SEMESTRE/GUIAS TALLER ODONTOLOGIA/Técnicas de diagnostico en odontología/1.2.6_Evaluacion_proceso.docx
2026-06-21 20:37:01 WARNING Sin talleres extraídos: Semestre_1/GUIAS TALLER CSC 1° SEMESTRE/GUIAS TALLER ODONTOLOGIA/Técnicas de diagnostico en odontología/2.1.5_Guia_taller_N4.docx
2026-06-21 20:37:01 WARNING Sin talleres extraídos: Semestre_1/GUIAS TALLER CSC 1° SEMESTRE/GUIAS TALLER ODONTOLOGIA/Técnicas de diagnostico en odontología/2.2.3_GUIA_DE_TALLER_N5.docx
2026-06-21 20:37:01 WARNING Sin talleres extraídos: Semestre_1/GUIAS TALLER CSC 1° SEMESTRE/GUIAS TALLER ODONTOLOGIA/Técnicas de diagnostico en odontología/2.2.4_GUIA_DE_TALLER_N6.docx
2026-06-21 20:37:01 WARNING Sin talleres extraídos: Semestre_1/GUIAS TALLER CSC 1° SEMESTRE/GUIAS TALLER TENS_/ANATOMIA - AFS1111/2.3.1 Guía de Taller 1.docx
2026-06-21 20:37:01 WARNING Sin talleres extraídos: Semestre_1/GUIAS TALLER CSC 1° SEMESTRE/GUIAS TALLER TENS_/ANATOMIA - AFS1111/2.3.10 Guía de Taller 6.docx
2026-06-21 20:37:01 WARNING Sin talleres extraídos: Semestre_1/GUIAS TALLER CSC 1° SEMESTRE/GUIAS TALLER TENS_/ANATOMIA - AFS1111/2.3.13 Guía de Taller 7.docx
2026-06-21 20:37:01 WARNING Sin talleres extraídos: Semestre_1/GUIAS TALLER CSC 1° SEMESTRE/GUIAS TALLER TENS_/ANATOMIA - AFS1111/2.3.15 Guía de Taller 8.docx
2026-06-21 20:37:01 WARNING Sin talleres extraídos: Semestre_1/GUIAS TALLER CSC 1° SEMESTRE/GUIAS TALLER TENS_/ANATOMIA - AFS1111/2.3.3 Guía Taller 2 - Los Musculos y sus Funciones.docx
2026-06-21 20:37:01 WARNING Sin talleres extraídos: Semestre_1/GUIAS TALLER CSC 1° SEMESTRE/GUIAS TALLER TENS_/ANATOMIA - AFS1111/2.3.5 Guía de Taller 3.docx
2026-06-21 20:37:01 WARNING Sin talleres extraídos: Semestre_1/GUIAS TALLER CSC 1° SEMESTRE/GUIAS TALLER TENS_/ANATOMIA - AFS1111/2.3.7 Guía de Taller 4.docx
2026-06-21 20:37:01 WARNING Sin talleres extraídos: Semestre_1/GUIAS TALLER CSC 1° SEMESTRE/GUIAS TALLER TENS_/ANATOMIA - AFS1111/2.3.9 Guía de Taller 5.docx
2026-06-21 20:37:01 WARNING Sin talleres extraídos: Semestre_1/GUIAS TALLER CSC 1° SEMESTRE/GUIAS TALLER TENS_/ANATOMIA - AFS1111/GUIAS ANATOMIA - CIS1103 - MALLA NUEVA 2026/2.3.4_Doc_Guía Taller 1 Sistema Músculo-Esquelético_Docente.docx
2026-06-21 20:37:01 WARNING Sin talleres extraídos: Semestre_1/GUIAS TALLER CSC 1° SEMESTRE/GUIAS TALLER TENS_/ANATOMIA - AFS1111/GUIAS ANATOMIA - CIS1103 - MALLA NUEVA 2026/2.4.5_Doc_Guía Taller 2 Sistema Nervioso y Sistema Endocrino_Docente .docx
2026-06-21 20:37:02 WARNING Sin talleres extraídos: Semestre_1/GUIAS TALLER CSC 1° SEMESTRE/GUIAS TALLER TENS_/ANATOMIA - AFS1111/GUIAS ANATOMIA - CIS1103 - MALLA NUEVA 2026/2.5.3_Doc_Guía Taller 3 Sistema Digestivo_Docente.docx
2026-06-21 20:37:02 WARNING Sin talleres extraídos: Semestre_1/GUIAS TALLER CSC 1° SEMESTRE/GUIAS TALLER TENS_/ANATOMIA - AFS1111/GUIAS ANATOMIA - CIS1103 - MALLA NUEVA 2026/3.1.3_Doc_Guía Taller 4 Sistema Respiratorio_Docente.docx
2026-06-21 20:37:02 WARNING Sin talleres extraídos: Semestre_1/GUIAS TALLER CSC 1° SEMESTRE/GUIAS TALLER TENS_/ANATOMIA - AFS1111/GUIAS ANATOMIA - CIS1103 - MALLA NUEVA 2026/3.2.4_Guía Taller 5_Sistema Cardiovascular_Docente.docx
2026-06-21 20:37:02 WARNING Sin talleres extraídos: Semestre_1/GUIAS TALLER CSC 1° SEMESTRE/GUIAS TALLER TENS_/ANATOMIA - AFS1111/GUIAS ANATOMIA - CIS1103 - MALLA NUEVA 2026/3.3.5_Doc_Guía Taller 6 Sistema Genitourinario_Docente.docx
2026-06-21 20:37:02 WARNING Sin talleres extraídos: Semestre_1/GUIAS TALLER CSC 1° SEMESTRE/GUIAS TALLER TENS_/BIOSEGURIDAD - EBS1121/2_11_Evaluacion_Practica_Sumativa.docx
2026-06-21 20:37:02 WARNING Sin talleres extraídos: Semestre_1/GUIAS TALLER CSC 1° SEMESTRE/GUIAS TALLER TENS_/BIOSEGURIDAD - EBS1121/3_12_Evaluacion_Practica_Sumativa.docx
2026-06-21 20:37:02 WARNING Sin talleres extraídos: Semestre_1/GUIAS TALLER CSC 1° SEMESTRE/GUIAS TALLER TENS_/PEDIATRIA - CES3111/1.2.1 Control del Niño Sano.docx
2026-06-21 20:37:02 WARNING Sin talleres extraídos: Semestre_1/GUIAS TALLER CSC 1° SEMESTRE/GUIAS TALLER TENS_/PRIMEROS AUXILIOS - AXS1102/Guia_de_estudio_1_Generalidades_en_primeros_auxilios.docx
2026-06-21 20:37:02 WARNING Sin talleres extraídos: Semestre_1/GUIAS TALLER CSC 1° SEMESTRE/GUIAS TALLER TENS_/PRIMEROS AUXILIOS - AXS1102/Guia_de_estudio_2_Heridas_Hemorragias_y_Quemaduras.docx
2026-06-21 20:37:02 WARNING Sin talleres extraídos: Semestre_1/GUIAS TALLER CSC 1° SEMESTRE/GUIAS TALLER TENS_/TECNICAS BASICAS - EBS1111/2.2.12_Pauta_de_cotejo_Traslado_de_paciente.docx
2026-06-21 20:37:02 WARNING Sin talleres extraídos: Semestre_1/GUIAS TALLER CSC 1° SEMESTRE/GUIAS TALLER TENS_/TECNICAS BASICAS - EBS1111/2.2.2_Guia_Taller_N5_Confeccion_de_camas.docx
2026-06-21 20:37:02 WARNING Sin talleres extraídos: Semestre_1/GUIAS TALLER CSC 1° SEMESTRE/GUIAS TALLER TENS_/TECNICAS BASICAS - EBS1111/2.2.3_Pauta_de_cotejo_Confeccion_de_cama_hospitalaria.docx
2026-06-21 20:37:02 WARNING Sin talleres extraídos: Semestre_1/GUIAS TALLER CSC 1° SEMESTRE/GUIAS TALLER TENS_/TECNICAS BASICAS - EBS1111/2.2.5_Pauta_de_cotejo_Aseo_y_Confort.docx
2026-06-21 20:37:02 WARNING Sin talleres extraídos: Semestre_1/GUIAS TALLER CSC 1° SEMESTRE/GUIAS TALLER TENS_/TECNICAS BASICAS - EBS1111/2.2.8_Pauta_de_cotejo_aseo_de_cavidades.docx
2026-06-21 20:37:02 WARNING Sin talleres extraídos: Semestre_1/GUIAS TALLER CSC 1° SEMESTRE/GUIAS TALLER TENS_/URGENCIAS - CES3121/2.1.9_GUIA_SIMULACION_1.docx
2026-06-21 20:37:03 WARNING Sin talleres extraídos: Semestre_2/GUIAS TALLER CSC II SEMESTRE/GUIAS TALLER BANCO SANGRE/AXS1102/Guia_de_estudio_1_Generalidades_en_primeros_auxilios.docx
2026-06-21 20:37:03 WARNING Sin talleres extraídos: Semestre_2/GUIAS TALLER CSC II SEMESTRE/GUIAS TALLER BANCO SANGRE/AXS1102/Guia_de_estudio_2_Heridas_Hemorragias_y_Quemaduras.docx
2026-06-21 20:37:06 WARNING Sin talleres extraídos: Semestre_2/GUIAS TALLER CSC II SEMESTRE/GUIAS TALLER ODONTOLOGIA/PROMOCION Y PREVENCION EN SALUD ORAL/1.2.1_GUIA_TALLER_N1_CARIES_DENTAL_Y_ENFERMEDAD_PERIODONTAL.docx
2026-06-21 20:37:06 WARNING Sin talleres extraídos: Semestre_2/GUIAS TALLER CSC II SEMESTRE/GUIAS TALLER ODONTOLOGIA/PROMOCION Y PREVENCION EN SALUD ORAL/1.2.2_GUIA_TALLER_N2_HIGIENE_BUCAL.docx
2026-06-21 20:37:06 WARNING Sin talleres extraídos: Semestre_2/GUIAS TALLER CSC II SEMESTRE/GUIAS TALLER ODONTOLOGIA/PROMOCION Y PREVENCION EN SALUD ORAL/2.2.1_GUIA_TALLER_N4_PROFILAXIS.docx
2026-06-21 20:37:06 WARNING Sin talleres extraídos: Semestre_2/GUIAS TALLER CSC II SEMESTRE/GUIAS TALLER ODONTOLOGIA/PROMOCION Y PREVENCION EN SALUD ORAL/2.2.2_GUIA_TALLER_N5_FLUORACION.docx
2026-06-21 20:37:07 WARNING Sin talleres extraídos: Semestre_2/GUIAS TALLER CSC II SEMESTRE/GUIAS TALLER TENS/Administración de fármacos OK EBS2111/CAPE 3 EBS2111 SC 2025-2.docx
2026-06-21 20:37:07 WARNING Sin talleres extraídos: Semestre_2/GUIAS TALLER CSC II SEMESTRE/GUIAS TALLER TENS/Administración de fármacos OK EBS2111/Guía de evaluación 1.docx
2026-06-21 20:37:07 WARNING Sin talleres extraídos: Semestre_2/GUIAS TALLER CSC II SEMESTRE/GUIAS TALLER TENS/Administración de fármacos OK EBS2111/Guía de evaluación 2.docx
2026-06-21 20:37:07 WARNING Sin talleres extraídos: Semestre_2/GUIAS TALLER CSC II SEMESTRE/GUIAS TALLER TENS/Administración de fármacos OK EBS2111/Protocolos de seguridad en la administración de fármacos y cálculo de dosis con regla de tres.docx
2026-06-21 20:37:07 WARNING Sin talleres extraídos: Semestre_2/GUIAS TALLER CSC II SEMESTRE/GUIAS TALLER TENS/Administración de fármacos OK EBS2111/Vía de administración I, cutánea, oftálmica y ótica, respiratorio.docx
2026-06-21 20:37:07 WARNING Sin talleres extraídos: Semestre_2/GUIAS TALLER CSC II SEMESTRE/GUIAS TALLER TENS/Administración de fármacos OK EBS2111/Vía de administración I, oral, sublingual y rectal.docx
2026-06-21 20:37:07 WARNING Sin talleres extraídos: Semestre_2/GUIAS TALLER CSC II SEMESTRE/GUIAS TALLER TENS/Administración de fármacos OK EBS2111/Vía de administración II, endovenoso.docx
2026-06-21 20:37:07 WARNING Sin talleres extraídos: Semestre_2/GUIAS TALLER CSC II SEMESTRE/GUIAS TALLER TENS/Administración de fármacos OK EBS2111/Vía de administración II, fleboclisis.docx
2026-06-21 20:37:07 WARNING Sin talleres extraídos: Semestre_2/GUIAS TALLER CSC II SEMESTRE/GUIAS TALLER TENS/Administración de fármacos OK EBS2111/Vía de administración II, intradérmica, subcutánea, intramuscular.docx
2026-06-21 20:37:07 WARNING Sin talleres extraídos: Semestre_2/GUIAS TALLER CSC II SEMESTRE/GUIAS TALLER TENS/Habilidades para el trabajo OK HES4111/CAPE 3 HES4111 SC 2025-2.docx
2026-06-21 20:37:08 WARNING Sin talleres extraídos: Semestre_2/GUIAS TALLER CSC II SEMESTRE/GUIAS TALLER TENS/Habilidades para el trabajo OK HES4111/Manejo de comunicación verbal y no verbal.docx
2026-06-21 20:37:08 WARNING Sin talleres extraídos: Semestre_2/GUIAS TALLER CSC II SEMESTRE/GUIAS TALLER TENS/Habilidades para el trabajo OK HES4111/Tipo de conflicto y resolución.docx
2026-06-21 20:37:08 WARNING Sin talleres extraídos: Semestre_2/GUIAS TALLER CSC II SEMESTRE/GUIAS TALLER TENS/Materno/Aseo, confort y cuidados del recién nacido en el hogar.docx
2026-06-21 20:37:08 WARNING Sin talleres extraídos: Semestre_2/GUIAS TALLER CSC II SEMESTRE/GUIAS TALLER TENS/Materno/Atención de la mujer en trabajo de parto.docx
2026-06-21 20:37:08 WARNING Sin talleres extraídos: Semestre_2/GUIAS TALLER CSC II SEMESTRE/GUIAS TALLER TENS/Materno/Atención de la puérpera.docx
2026-06-21 20:37:08 WARNING Sin talleres extraídos: Semestre_2/GUIAS TALLER CSC II SEMESTRE/GUIAS TALLER TENS/Materno/Atención del recién nacido en fototerapia.docx
2026-06-21 20:37:08 WARNING Sin talleres extraídos: Semestre_2/GUIAS TALLER CSC II SEMESTRE/GUIAS TALLER TENS/Materno/Atención del recién nacido en incubadora.docx
2026-06-21 20:37:08 WARNING Sin talleres extraídos: Semestre_2/GUIAS TALLER CSC II SEMESTRE/GUIAS TALLER TENS/Materno/Atención durante la cesárea.docx
2026-06-21 20:37:08 WARNING Sin talleres extraídos: Semestre_2/GUIAS TALLER CSC II SEMESTRE/GUIAS TALLER TENS/Materno/Atención durante parto normal.docx
2026-06-21 20:37:08 WARNING Sin talleres extraídos: Semestre_2/GUIAS TALLER CSC II SEMESTRE/GUIAS TALLER TENS/Materno/Atención inmediata del recién nacido.docx
2026-06-21 20:37:08 WARNING Sin talleres extraídos: Semestre_2/GUIAS TALLER CSC II SEMESTRE/GUIAS TALLER TENS/Materno/Guía de evaluación 1_ATENCION DE PARTO.docx
2026-06-21 20:37:08 WARNING Sin talleres extraídos: Semestre_2/GUIAS TALLER CSC II SEMESTRE/GUIAS TALLER TENS/Materno/Guía de evaluación 2 _ATI_.docx
2026-06-21 20:37:08 WARNING Sin talleres extraídos: Semestre_2/GUIAS TALLER CSC II SEMESTRE/GUIAS TALLER TENS/Materno/Guía de evaluación 3_ Fototerapia e incubadora.docx
2026-06-21 20:37:08 WARNING Sin talleres extraídos: Semestre_2/GUIAS TALLER CSC II SEMESTRE/GUIAS TALLER TENS/Materno/Lactancia materna Experiencia de simulación 1.docx
2026-06-21 20:37:08 WARNING Sin talleres extraídos: Semestre_2/GUIAS TALLER CSC II SEMESTRE/GUIAS TALLER TENS/Materno/Lactancia materna Experiencia de simulación 2.docx
2026-06-21 20:37:08 WARNING Sin talleres extraídos: Semestre_2/GUIAS TALLER CSC II SEMESTRE/GUIAS TALLER TENS/Médico quirúrgico OK CES2121/Alimentación enteral y sondaje digestivo.docx
2026-06-21 20:37:08 WARNING Sin talleres extraídos: Semestre_2/GUIAS TALLER CSC II SEMESTRE/GUIAS TALLER TENS/Médico quirúrgico OK CES2121/Alimentación parenteral y cuidados del CVC.docx
2026-06-21 20:37:08 WARNING Sin talleres extraídos: Semestre_2/GUIAS TALLER CSC II SEMESTRE/GUIAS TALLER TENS/Médico quirúrgico OK CES2121/Aspiración de secreciones y cuidados de paciente con traqueostomía.docx
2026-06-21 20:37:09 WARNING Sin talleres extraídos: Semestre_2/GUIAS TALLER CSC II SEMESTRE/GUIAS TALLER TENS/Médico quirúrgico OK CES2121/CAPE 3 CES2121 SC 2025-2.docx
2026-06-21 20:37:09 WARNING Sin talleres extraídos: Semestre_2/GUIAS TALLER CSC II SEMESTRE/GUIAS TALLER TENS/Médico quirúrgico OK CES2121/Cuidados de enfermería en el periodo postoperatorio.docx
2026-06-21 20:37:09 WARNING Sin talleres extraídos: Semestre_2/GUIAS TALLER CSC II SEMESTRE/GUIAS TALLER TENS/Médico quirúrgico OK CES2121/Cuidados de enfermería en el periodo preoperatorio.docx
2026-06-21 20:37:09 WARNING Sin talleres extraídos: Semestre_2/GUIAS TALLER CSC II SEMESTRE/GUIAS TALLER TENS/Médico quirúrgico OK CES2121/Cuidados de enfermería en pacientes con ostomías de eliminación.docx
2026-06-21 20:37:09 WARNING Sin talleres extraídos: Semestre_2/GUIAS TALLER CSC II SEMESTRE/GUIAS TALLER TENS/Médico quirúrgico OK CES2121/Cuidados de heridas y drenajes.docx
2026-06-21 20:37:09 WARNING Sin talleres extraídos: Semestre_2/GUIAS TALLER CSC II SEMESTRE/GUIAS TALLER TENS/Médico quirúrgico OK CES2121/ECG y monitorización.docx
2026-06-21 20:37:09 WARNING Sin talleres extraídos: Semestre_2/GUIAS TALLER CSC II SEMESTRE/GUIAS TALLER TENS/Médico quirúrgico OK CES2121/GUIAS ALUMNOS/1.1.12 Guía para el estudiante Alimentación enteral y sondaje digestivo.docx
2026-06-21 20:37:09 WARNING Sin talleres extraídos: Semestre_2/GUIAS TALLER CSC II SEMESTRE/GUIAS TALLER TENS/Médico quirúrgico OK CES2121/GUIAS ALUMNOS/1.1.4 Guía para el estudiante ECG y monitorización.docx
2026-06-21 20:37:09 WARNING Sin talleres extraídos: Semestre_2/GUIAS TALLER CSC II SEMESTRE/GUIAS TALLER TENS/Médico quirúrgico OK CES2121/GUIAS ALUMNOS/1.1.5 Guía para el estudiante Alimentación parenteral y cuidados del CVC.docx
2026-06-21 20:37:09 WARNING Sin talleres extraídos: Semestre_2/GUIAS TALLER CSC II SEMESTRE/GUIAS TALLER TENS/Médico quirúrgico OK CES2121/GUIAS ALUMNOS/1.1.8 Guía para el estudiante Oxigenoterapia y nebulización.docx
2026-06-21 20:37:09 WARNING Sin talleres extraídos: Semestre_2/GUIAS TALLER CSC II SEMESTRE/GUIAS TALLER TENS/Médico quirúrgico OK CES2121/GUIAS ALUMNOS/1.1.9 Guía para el estudiante Aspiración de secreciones y cuidados de paciente con traqueostomía.docx
2026-06-21 20:37:09 WARNING Sin talleres extraídos: Semestre_2/GUIAS TALLER CSC II SEMESTRE/GUIAS TALLER TENS/Médico quirúrgico OK CES2121/GUIAS ALUMNOS/1.2.4 Guía para el estudiante Sondaje urinario e intestinal.docx
2026-06-21 20:37:09 WARNING Sin talleres extraídos: Semestre_2/GUIAS TALLER CSC II SEMESTRE/GUIAS TALLER TENS/Médico quirúrgico OK CES2121/GUIAS ALUMNOS/2.1.6 Guía para el estudiante Cuidados de heridas y drenajes.docx
2026-06-21 20:37:09 WARNING Sin talleres extraídos: Semestre_2/GUIAS TALLER CSC II SEMESTRE/GUIAS TALLER TENS/Médico quirúrgico OK CES2121/GUIAS ALUMNOS/2.1.9 Guía para el estudiante Cuidados de enfermería en pacientes con ostomías de eliminación.docx
2026-06-21 20:37:09 WARNING Sin talleres extraídos: Semestre_2/GUIAS TALLER CSC II SEMESTRE/GUIAS TALLER TENS/Médico quirúrgico OK CES2121/GUIAS ALUMNOS/3.1.3 Guía para el estudiante Rol del pabelloneroa y lavado de manos quirúrgico.docx
2026-06-21 20:37:10 WARNING Sin talleres extraídos: Semestre_2/GUIAS TALLER CSC II SEMESTRE/GUIAS TALLER TENS/Médico quirúrgico OK CES2121/GUIAS ALUMNOS/3.1.4 Guía para el estudiante Cuidados de enfermería en el periodo preoperatorio.docx
2026-06-21 20:37:10 WARNING Sin talleres extraídos: Semestre_2/GUIAS TALLER CSC II SEMESTRE/GUIAS TALLER TENS/Médico quirúrgico OK CES2121/GUIAS ALUMNOS/3.1.5 Guía para el estudiante Cuidados de enfermería en el periodo postoperatorio.docx
2026-06-21 20:37:10 WARNING Sin talleres extraídos: Semestre_2/GUIAS TALLER CSC II SEMESTRE/GUIAS TALLER TENS/Médico quirúrgico OK CES2121/Guía de evaluación 1.docx
2026-06-21 20:37:10 WARNING Sin talleres extraídos: Semestre_2/GUIAS TALLER CSC II SEMESTRE/GUIAS TALLER TENS/Médico quirúrgico OK CES2121/Guía de evaluación 2.docx
2026-06-21 20:37:10 WARNING Sin talleres extraídos: Semestre_2/GUIAS TALLER CSC II SEMESTRE/GUIAS TALLER TENS/Médico quirúrgico OK CES2121/Guía de evaluación 3.docx
2026-06-21 20:37:10 WARNING Sin talleres extraídos: Semestre_2/GUIAS TALLER CSC II SEMESTRE/GUIAS TALLER TENS/Médico quirúrgico OK CES2121/Guía de evaluación 4.docx
2026-06-21 20:37:10 WARNING Sin talleres extraídos: Semestre_2/GUIAS TALLER CSC II SEMESTRE/GUIAS TALLER TENS/Médico quirúrgico OK CES2121/Guía de evaluación 5.docx
2026-06-21 20:37:10 WARNING Sin talleres extraídos: Semestre_2/GUIAS TALLER CSC II SEMESTRE/GUIAS TALLER TENS/Médico quirúrgico OK CES2121/Oxigenoterapia y nebulización.docx
2026-06-21 20:37:10 WARNING Sin talleres extraídos: Semestre_2/GUIAS TALLER CSC II SEMESTRE/GUIAS TALLER TENS/Médico quirúrgico OK CES2121/Rol del pabelloneroa y lavado de manos quirúrgico.docx
2026-06-21 20:37:10 WARNING Sin talleres extraídos: Semestre_2/GUIAS TALLER CSC II SEMESTRE/GUIAS TALLER TENS/Médico quirúrgico OK CES2121/Sondaje urinario e intestinal.docx
2026-06-21 20:37:13 WARNING Sin talleres extraídos: Semestre_2/GUIAS TALLER CSC II SEMESTRE/GUIAS TALLER TENS/PRACTICA SIMULADA DE PEDIATRIA/Guía Para el docente Práctica Simulada Pediatría Versión 1_2025.docx
2026-06-21 20:37:13 WARNING Sin talleres extraídos: Semestre_2/GUIAS TALLER CSC II SEMESTRE/GUIAS TALLER TENS/PRACTICA SIMULADA DE PEDIATRIA/Resumen Insumos y Materiales - Práctica III (Rotación Pediatría Simulada) - 2025-II.docx
2026-06-21 20:37:13 WARNING Sin talleres extraídos: Semestre_2/GUIAS TALLER CSC II SEMESTRE/GUIAS TALLER TENS/Promoción en Salud OK/CAPE 3 PMS4111 SC 2025-2.docx
2026-06-21 20:37:13 WARNING Sin talleres extraídos: Semestre_2/GUIAS TALLER CSC II SEMESTRE/GUIAS TALLER TENS/Promoción en Salud OK/Guía para el docente EMPA.docx
2026-06-21 20:37:13 WARNING Sin talleres extraídos: Semestre_2/GUIAS TALLER CSC II SEMESTRE/GUIAS TALLER TENS/Promoción en Salud OK/Guía para el docente Vacunatorio.docx
2026-06-21 20:37:13 WARNING Sin talleres extraídos: Semestre_2/GUIAS TALLER CSC II SEMESTRE/GUIAS TALLER TENS/Promoción en Salud OK/Guía para el docente Visita Domiciliaria.docx
2026-06-21 20:37:13 WARNING Sin talleres extraídos: Semestre_2/GUIAS TALLER CSC II SEMESTRE/GUIAS TALLER TENS/Salud Mental OK CES4111/CAPE 3 CES4111 SC 2025-2.docx
2026-06-21 20:37:13 WARNING Sin talleres extraídos: Semestre_2/GUIAS TALLER CSC II SEMESTRE/GUIAS TALLER TENS/Salud Mental OK CES4111/Contención en salud mental.docx
2026-06-21 20:37:14 WARNING Sin talleres extraídos: Semestre_2/GUIAS TALLER CSC II SEMESTRE/GUIAS TALLER TENS/Salud Mental OK CES4111/Cuidados de enfermería en trastornos de la salud mental.docx
2026-06-21 20:37:14 WARNING Sin talleres extraídos: Semestre_2/GUIAS TALLER CSC II SEMESTRE/GUIAS TALLER TENS/Salud Mental OK CES4111/Guía de evaluación 1_ Trastornos de salud mental.docx
2026-06-21 20:37:14 WARNING Sin talleres extraídos: Semestre_2/GUIAS TALLER CSC II SEMESTRE/GUIAS TALLER TENS/Salud Mental OK CES4111/Guía de evaluación 2_ Contención en salud mental.docx
2026-06-21 20:37:14 WARNING Sin talleres extraídos: Semestre_2/GUIAS TALLER CSC II SEMESTRE/GUIAS TALLER TENS/Salud Mental OK CES4111/Relación de ayuda 1.docx
2026-06-21 20:37:14 WARNING Sin talleres extraídos: Semestre_2/GUIAS TALLER CSC II SEMESTRE/GUIAS TALLER TENS/Salud Mental OK CES4111/Relación de ayuda 2.docx
